kkk  - WARNING - E:/Users/Administrator/PycharmProjects/python13_juanjuan_api_test/log/mylog.py -kkk 
kkk  - ERROR - E:/Users/Administrator/PycharmProjects/python13_juanjuan_api_test/log/mylog.py -kkk 
kkk  - ERROR - E:/Users/Administrator/PycharmProjects/python13_juanjuan_api_test/log/mylog.py -kkk 
python  - INFO - E:\Users\Administrator\PycharmProjects\python13_juanjuan_api_test\testcases\test_register.py -..........开始测试............ 
python  - INFO - E:\Users\Administrator\PycharmProjects\python13_juanjuan_api_test\testcases\test_register.py -第1条测试用例通过 
python  - INFO - E:\Users\Administrator\PycharmProjects\python13_juanjuan_api_test\testcases\test_register.py -..........测试结束............ 
python  - INFO - E:\Users\Administrator\PycharmProjects\python13_juanjuan_api_test\testcases\test_register.py -..........开始测试............ 
python  - INFO - E:\Users\Administrator\PycharmProjects\python13_juanjuan_api_test\testcases\test_register.py -第2条测试用例通过 
python  - INFO - E:\Users\Administrator\PycharmProjects\python13_juanjuan_api_test\testcases\test_register.py -..........测试结束............ 
python  - INFO - E:\Users\Administrator\PycharmProjects\python13_juanjuan_api_test\testcases\test_register.py -..........开始测试............ 
python  - INFO - E:\Users\Administrator\PycharmProjects\python13_juanjuan_api_test\testcases\test_register.py -第3条测试用例通过 
python  - INFO - E:\Users\Administrator\PycharmProjects\python13_juanjuan_api_test\testcases\test_register.py -..........测试结束............ 
python  - INFO - E:\Users\Administrator\PycharmProjects\python13_juanjuan_api_test\testcases\test_register.py -..........开始测试............ 
python  - INFO - E:\Users\Administrator\PycharmProjects\python13_juanjuan_api_test\testcases\test_register.py -第4条测试用例通过 
python  - INFO - E:\Users\Administrator\PycharmProjects\python13_juanjuan_api_test\testcases\test_register.py -..........测试结束............ 
python  - INFO - E:\Users\Administrator\PycharmProjects\python13_juanjuan_api_test\testcases\test_register.py -..........开始测试............ 
python  - INFO - E:\Users\Administrator\PycharmProjects\python13_juanjuan_api_test\testcases\test_register.py -第5条测试用例通过 
python  - INFO - E:\Users\Administrator\PycharmProjects\python13_juanjuan_api_test\testcases\test_register.py -..........测试结束............ 
python  - INFO - E:\Users\Administrator\PycharmProjects\python13_juanjuan_api_test\testcases\test_register.py -..........开始测试............ 
python  - INFO - E:\Users\Administrator\PycharmProjects\python13_juanjuan_api_test\testcases\test_register.py -第6条测试用例通过 
python  - INFO - E:\Users\Administrator\PycharmProjects\python13_juanjuan_api_test\testcases\test_register.py -..........测试结束............ 
python  - INFO - E:\Users\Administrator\PycharmProjects\python13_juanjuan_api_test\testcases\test_register.py -..........开始测试............ 
python  - INFO - E:\Users\Administrator\PycharmProjects\python13_juanjuan_api_test\testcases\test_register.py -第7条测试用例通过 
python  - INFO - E:\Users\Administrator\PycharmProjects\python13_juanjuan_api_test\testcases\test_register.py -..........测试结束............ 
python  - INFO - E:\Users\Administrator\PycharmProjects\python13_juanjuan_api_test\testcases\test_register.py -..........开始测试............ 
python  - INFO - E:\Users\Administrator\PycharmProjects\python13_juanjuan_api_test\testcases\test_register.py -第8条测试用例通过 
python  - INFO - E:\Users\Administrator\PycharmProjects\python13_juanjuan_api_test\testcases\test_register.py -..........测试结束............ 
python  - INFO - E:\Users\Administrator\PycharmProjects\python13_juanjuan_api_test\testcases\test_register.py -..........开始测试............ 
python  - ERROR - E:\Users\Administrator\PycharmProjects\python13_juanjuan_api_test\testcases\test_register.py -第9条测试用例失败 
python  - INFO - E:\Users\Administrator\PycharmProjects\python13_juanjuan_api_test\testcases\test_register.py -..........测试结束............ 
python  - INFO - E:\Users\Administrator\PycharmProjects\python13_juanjuan_api_test\testcases\test_register.py -..........开始测试............ 
python  - INFO - E:\Users\Administrator\PycharmProjects\python13_juanjuan_api_test\testcases\test_register.py -第10条测试用例通过 
python  - INFO - E:\Users\Administrator\PycharmProjects\python13_juanjuan_api_test\testcases\test_register.py -..........测试结束............ 
python  - INFO - E:\Users\Administrator\PycharmProjects\python13_juanjuan_api_test\testcases\test_register.py -..........开始测试............ 
python  - INFO - E:\Users\Administrator\PycharmProjects\python13_juanjuan_api_test\testcases\test_register.py -第11条测试用例通过 
python  - INFO - E:\Users\Administrator\PycharmProjects\python13_juanjuan_api_test\testcases\test_register.py -..........测试结束............ 
2019-02-22 09:45:34,767 - kkk  - ERROR - E:/Users/Administrator/PycharmProjects/python13_juanjuan_api_test/log/mylog.py -kkk 
2019-02-22 10:25:20,308 - python  - INFO - E:\Users\Administrator\PycharmProjects\python13_juanjuan_api_test\testcases\test_register.py -..........开始测试............ 
2019-02-22 10:25:20,375 - python  - INFO - E:\Users\Administrator\PycharmProjects\python13_juanjuan_api_test\testcases\test_register.py -第1条测试用例通过 
2019-02-22 10:25:20,617 - python  - INFO - E:\Users\Administrator\PycharmProjects\python13_juanjuan_api_test\testcases\test_register.py -..........测试结束............ 
2019-02-22 10:25:20,781 - python  - INFO - E:\Users\Administrator\PycharmProjects\python13_juanjuan_api_test\testcases\test_register.py -..........开始测试............ 
2019-02-22 10:25:20,813 - python  - INFO - E:\Users\Administrator\PycharmProjects\python13_juanjuan_api_test\testcases\test_register.py -第2条测试用例通过 
2019-02-22 10:25:21,033 - python  - INFO - E:\Users\Administrator\PycharmProjects\python13_juanjuan_api_test\testcases\test_register.py -..........测试结束............ 
2019-02-22 10:25:21,181 - python  - INFO - E:\Users\Administrator\PycharmProjects\python13_juanjuan_api_test\testcases\test_register.py -..........开始测试............ 
2019-02-22 10:25:21,213 - python  - INFO - E:\Users\Administrator\PycharmProjects\python13_juanjuan_api_test\testcases\test_register.py -第3条测试用例通过 
2019-02-22 10:25:21,466 - python  - INFO - E:\Users\Administrator\PycharmProjects\python13_juanjuan_api_test\testcases\test_register.py -..........测试结束............ 
2019-02-22 10:25:21,624 - python  - INFO - E:\Users\Administrator\PycharmProjects\python13_juanjuan_api_test\testcases\test_register.py -..........开始测试............ 
2019-02-22 10:25:21,655 - python  - INFO - E:\Users\Administrator\PycharmProjects\python13_juanjuan_api_test\testcases\test_register.py -第4条测试用例通过 
2019-02-22 10:25:21,866 - python  - INFO - E:\Users\Administrator\PycharmProjects\python13_juanjuan_api_test\testcases\test_register.py -..........测试结束............ 
2019-02-22 10:25:22,013 - python  - INFO - E:\Users\Administrator\PycharmProjects\python13_juanjuan_api_test\testcases\test_register.py -..........开始测试............ 
2019-02-22 10:25:22,046 - python  - INFO - E:\Users\Administrator\PycharmProjects\python13_juanjuan_api_test\testcases\test_register.py -第5条测试用例通过 
2019-02-22 10:25:22,258 - python  - INFO - E:\Users\Administrator\PycharmProjects\python13_juanjuan_api_test\testcases\test_register.py -..........测试结束............ 
2019-02-22 10:25:22,417 - python  - INFO - E:\Users\Administrator\PycharmProjects\python13_juanjuan_api_test\testcases\test_register.py -..........开始测试............ 
2019-02-22 10:25:22,452 - python  - INFO - E:\Users\Administrator\PycharmProjects\python13_juanjuan_api_test\testcases\test_register.py -第6条测试用例通过 
2019-02-22 10:25:22,668 - python  - INFO - E:\Users\Administrator\PycharmProjects\python13_juanjuan_api_test\testcases\test_register.py -..........测试结束............ 
2019-02-22 10:25:22,816 - python  - INFO - E:\Users\Administrator\PycharmProjects\python13_juanjuan_api_test\testcases\test_register.py -..........开始测试............ 
2019-02-22 10:25:22,849 - python  - INFO - E:\Users\Administrator\PycharmProjects\python13_juanjuan_api_test\testcases\test_register.py -第7条测试用例通过 
2019-02-22 10:25:23,061 - python  - INFO - E:\Users\Administrator\PycharmProjects\python13_juanjuan_api_test\testcases\test_register.py -..........测试结束............ 
2019-02-22 10:25:23,211 - python  - INFO - E:\Users\Administrator\PycharmProjects\python13_juanjuan_api_test\testcases\test_register.py -..........开始测试............ 
2019-02-22 10:25:23,244 - python  - INFO - E:\Users\Administrator\PycharmProjects\python13_juanjuan_api_test\testcases\test_register.py -第8条测试用例通过 
2019-02-22 10:25:23,455 - python  - INFO - E:\Users\Administrator\PycharmProjects\python13_juanjuan_api_test\testcases\test_register.py -..........测试结束............ 
2019-02-22 10:25:23,595 - python  - INFO - E:\Users\Administrator\PycharmProjects\python13_juanjuan_api_test\testcases\test_register.py -..........开始测试............ 
2019-02-22 10:25:23,637 - python  - ERROR - E:\Users\Administrator\PycharmProjects\python13_juanjuan_api_test\testcases\test_register.py -第9条测试用例失败 
2019-02-22 10:25:23,848 - python  - INFO - E:\Users\Administrator\PycharmProjects\python13_juanjuan_api_test\testcases\test_register.py -..........测试结束............ 
2019-02-22 10:25:24,007 - python  - INFO - E:\Users\Administrator\PycharmProjects\python13_juanjuan_api_test\testcases\test_register.py -..........开始测试............ 
2019-02-22 10:25:24,045 - python  - INFO - E:\Users\Administrator\PycharmProjects\python13_juanjuan_api_test\testcases\test_register.py -第10条测试用例通过 
2019-02-22 10:25:24,250 - python  - INFO - E:\Users\Administrator\PycharmProjects\python13_juanjuan_api_test\testcases\test_register.py -..........测试结束............ 
2019-02-22 10:25:24,401 - python  - INFO - E:\Users\Administrator\PycharmProjects\python13_juanjuan_api_test\testcases\test_register.py -..........开始测试............ 
2019-02-22 10:25:24,440 - python  - INFO - E:\Users\Administrator\PycharmProjects\python13_juanjuan_api_test\testcases\test_register.py -第11条测试用例通过 
2019-02-22 10:25:24,659 - python  - INFO - E:\Users\Administrator\PycharmProjects\python13_juanjuan_api_test\testcases\test_register.py -..........测试结束............ 
2019-02-22 10:27:47,526 - python  - INFO - E:\Users\Administrator\PycharmProjects\python13_juanjuan_api_test\testcases\test_register.py -..........开始测试............ 
2019-02-22 10:27:47,599 - python  - INFO - E:\Users\Administrator\PycharmProjects\python13_juanjuan_api_test\testcases\test_register.py -第1条测试用例通过 
2019-02-22 10:27:47,810 - python  - INFO - E:\Users\Administrator\PycharmProjects\python13_juanjuan_api_test\testcases\test_register.py -..........测试结束............ 
2019-02-22 10:27:47,975 - python  - INFO - E:\Users\Administrator\PycharmProjects\python13_juanjuan_api_test\testcases\test_register.py -..........开始测试............ 
2019-02-22 10:27:48,009 - python  - INFO - E:\Users\Administrator\PycharmProjects\python13_juanjuan_api_test\testcases\test_register.py -第2条测试用例通过 
2019-02-22 10:27:48,223 - python  - INFO - E:\Users\Administrator\PycharmProjects\python13_juanjuan_api_test\testcases\test_register.py -..........测试结束............ 
2019-02-22 10:27:48,384 - python  - INFO - E:\Users\Administrator\PycharmProjects\python13_juanjuan_api_test\testcases\test_register.py -..........开始测试............ 
2019-02-22 10:27:48,417 - python  - INFO - E:\Users\Administrator\PycharmProjects\python13_juanjuan_api_test\testcases\test_register.py -第3条测试用例通过 
2019-02-22 10:27:48,675 - python  - INFO - E:\Users\Administrator\PycharmProjects\python13_juanjuan_api_test\testcases\test_register.py -..........测试结束............ 
2019-02-22 10:27:48,838 - python  - INFO - E:\Users\Administrator\PycharmProjects\python13_juanjuan_api_test\testcases\test_register.py -..........开始测试............ 
2019-02-22 10:27:48,872 - python  - INFO - E:\Users\Administrator\PycharmProjects\python13_juanjuan_api_test\testcases\test_register.py -第4条测试用例通过 
2019-02-22 10:27:49,079 - python  - INFO - E:\Users\Administrator\PycharmProjects\python13_juanjuan_api_test\testcases\test_register.py -..........测试结束............ 
2019-02-22 10:27:49,232 - python  - INFO - E:\Users\Administrator\PycharmProjects\python13_juanjuan_api_test\testcases\test_register.py -..........开始测试............ 
2019-02-22 10:27:49,265 - python  - INFO - E:\Users\Administrator\PycharmProjects\python13_juanjuan_api_test\testcases\test_register.py -第5条测试用例通过 
2019-02-22 10:27:49,505 - python  - INFO - E:\Users\Administrator\PycharmProjects\python13_juanjuan_api_test\testcases\test_register.py -..........测试结束............ 
2019-02-22 10:27:49,648 - python  - INFO - E:\Users\Administrator\PycharmProjects\python13_juanjuan_api_test\testcases\test_register.py -..........开始测试............ 
2019-02-22 10:27:49,686 - python  - INFO - E:\Users\Administrator\PycharmProjects\python13_juanjuan_api_test\testcases\test_register.py -第6条测试用例通过 
2019-02-22 10:27:49,897 - python  - INFO - E:\Users\Administrator\PycharmProjects\python13_juanjuan_api_test\testcases\test_register.py -..........测试结束............ 
2019-02-22 10:27:50,034 - python  - INFO - E:\Users\Administrator\PycharmProjects\python13_juanjuan_api_test\testcases\test_register.py -..........开始测试............ 
2019-02-22 10:27:50,065 - python  - INFO - E:\Users\Administrator\PycharmProjects\python13_juanjuan_api_test\testcases\test_register.py -第7条测试用例通过 
2019-02-22 10:27:50,281 - python  - INFO - E:\Users\Administrator\PycharmProjects\python13_juanjuan_api_test\testcases\test_register.py -..........测试结束............ 
2019-02-22 10:27:50,418 - python  - INFO - E:\Users\Administrator\PycharmProjects\python13_juanjuan_api_test\testcases\test_register.py -..........开始测试............ 
2019-02-22 10:27:50,450 - python  - INFO - E:\Users\Administrator\PycharmProjects\python13_juanjuan_api_test\testcases\test_register.py -第8条测试用例通过 
2019-02-22 10:27:50,666 - python  - INFO - E:\Users\Administrator\PycharmProjects\python13_juanjuan_api_test\testcases\test_register.py -..........测试结束............ 
2019-02-22 10:27:50,820 - python  - INFO - E:\Users\Administrator\PycharmProjects\python13_juanjuan_api_test\testcases\test_register.py -..........开始测试............ 
2019-02-22 10:27:50,860 - python  - ERROR - E:\Users\Administrator\PycharmProjects\python13_juanjuan_api_test\testcases\test_register.py -第9条测试用例失败 
2019-02-22 10:27:51,076 - python  - INFO - E:\Users\Administrator\PycharmProjects\python13_juanjuan_api_test\testcases\test_register.py -..........测试结束............ 
2019-02-22 10:27:51,238 - python  - INFO - E:\Users\Administrator\PycharmProjects\python13_juanjuan_api_test\testcases\test_register.py -..........开始测试............ 
2019-02-22 10:27:51,277 - python  - INFO - E:\Users\Administrator\PycharmProjects\python13_juanjuan_api_test\testcases\test_register.py -第10条测试用例通过 
2019-02-22 10:27:51,491 - python  - INFO - E:\Users\Administrator\PycharmProjects\python13_juanjuan_api_test\testcases\test_register.py -..........测试结束............ 
2019-02-22 10:27:51,653 - python  - INFO - E:\Users\Administrator\PycharmProjects\python13_juanjuan_api_test\testcases\test_register.py -..........开始测试............ 
2019-02-22 10:27:51,692 - python  - INFO - E:\Users\Administrator\PycharmProjects\python13_juanjuan_api_test\testcases\test_register.py -第11条测试用例通过 
2019-02-22 10:27:51,912 - python  - INFO - E:\Users\Administrator\PycharmProjects\python13_juanjuan_api_test\testcases\test_register.py -..........测试结束............ 
2019-02-22 10:38:42,248 - python  - INFO - E:\Users\Administrator\PycharmProjects\python13_juanjuan_api_test\testcases\test_register.py -..........开始测试............ 
2019-02-22 10:38:42,319 - python  - INFO - E:\Users\Administrator\PycharmProjects\python13_juanjuan_api_test\testcases\test_register.py -第1条测试用例通过 
2019-02-22 10:38:42,532 - python  - INFO - E:\Users\Administrator\PycharmProjects\python13_juanjuan_api_test\testcases\test_register.py -..........测试结束............ 
2019-02-22 10:38:42,692 - python  - INFO - E:\Users\Administrator\PycharmProjects\python13_juanjuan_api_test\testcases\test_register.py -..........开始测试............ 
2019-02-22 10:38:42,735 - python  - INFO - E:\Users\Administrator\PycharmProjects\python13_juanjuan_api_test\testcases\test_register.py -第2条测试用例通过 
2019-02-22 10:38:42,937 - python  - INFO - E:\Users\Administrator\PycharmProjects\python13_juanjuan_api_test\testcases\test_register.py -..........测试结束............ 
2019-02-22 10:38:43,070 - python  - INFO - E:\Users\Administrator\PycharmProjects\python13_juanjuan_api_test\testcases\test_register.py -..........开始测试............ 
2019-02-22 10:38:43,104 - python  - INFO - E:\Users\Administrator\PycharmProjects\python13_juanjuan_api_test\testcases\test_register.py -第3条测试用例通过 
2019-02-22 10:38:43,351 - python  - INFO - E:\Users\Administrator\PycharmProjects\python13_juanjuan_api_test\testcases\test_register.py -..........测试结束............ 
2019-02-22 10:38:43,492 - python  - INFO - E:\Users\Administrator\PycharmProjects\python13_juanjuan_api_test\testcases\test_register.py -..........开始测试............ 
2019-02-22 10:38:43,527 - python  - INFO - E:\Users\Administrator\PycharmProjects\python13_juanjuan_api_test\testcases\test_register.py -第4条测试用例通过 
2019-02-22 10:38:43,752 - python  - INFO - E:\Users\Administrator\PycharmProjects\python13_juanjuan_api_test\testcases\test_register.py -..........测试结束............ 
2019-02-22 10:38:43,898 - python  - INFO - E:\Users\Administrator\PycharmProjects\python13_juanjuan_api_test\testcases\test_register.py -..........开始测试............ 
2019-02-22 10:38:43,934 - python  - INFO - E:\Users\Administrator\PycharmProjects\python13_juanjuan_api_test\testcases\test_register.py -第5条测试用例通过 
2019-02-22 10:38:44,154 - python  - INFO - E:\Users\Administrator\PycharmProjects\python13_juanjuan_api_test\testcases\test_register.py -..........测试结束............ 
2019-02-22 10:38:44,307 - python  - INFO - E:\Users\Administrator\PycharmProjects\python13_juanjuan_api_test\testcases\test_register.py -..........开始测试............ 
2019-02-22 10:38:44,344 - python  - INFO - E:\Users\Administrator\PycharmProjects\python13_juanjuan_api_test\testcases\test_register.py -第6条测试用例通过 
2019-02-22 10:38:44,552 - python  - INFO - E:\Users\Administrator\PycharmProjects\python13_juanjuan_api_test\testcases\test_register.py -..........测试结束............ 
2019-02-22 10:38:44,701 - python  - INFO - E:\Users\Administrator\PycharmProjects\python13_juanjuan_api_test\testcases\test_register.py -..........开始测试............ 
2019-02-22 10:38:44,737 - python  - INFO - E:\Users\Administrator\PycharmProjects\python13_juanjuan_api_test\testcases\test_register.py -第7条测试用例通过 
2019-02-22 10:38:44,951 - python  - INFO - E:\Users\Administrator\PycharmProjects\python13_juanjuan_api_test\testcases\test_register.py -..........测试结束............ 
2019-02-22 10:38:45,102 - python  - INFO - E:\Users\Administrator\PycharmProjects\python13_juanjuan_api_test\testcases\test_register.py -..........开始测试............ 
2019-02-22 10:38:45,137 - python  - INFO - E:\Users\Administrator\PycharmProjects\python13_juanjuan_api_test\testcases\test_register.py -第8条测试用例通过 
2019-02-22 10:38:45,340 - python  - INFO - E:\Users\Administrator\PycharmProjects\python13_juanjuan_api_test\testcases\test_register.py -..........测试结束............ 
2019-02-22 10:38:45,495 - python  - INFO - E:\Users\Administrator\PycharmProjects\python13_juanjuan_api_test\testcases\test_register.py -..........开始测试............ 
2019-02-22 10:38:45,541 - python  - ERROR - E:\Users\Administrator\PycharmProjects\python13_juanjuan_api_test\testcases\test_register.py -第9条测试用例失败 
2019-02-22 10:38:45,755 - python  - INFO - E:\Users\Administrator\PycharmProjects\python13_juanjuan_api_test\testcases\test_register.py -..........测试结束............ 
2019-02-22 10:38:45,901 - python  - INFO - E:\Users\Administrator\PycharmProjects\python13_juanjuan_api_test\testcases\test_register.py -..........开始测试............ 
2019-02-22 10:38:45,950 - python  - INFO - E:\Users\Administrator\PycharmProjects\python13_juanjuan_api_test\testcases\test_register.py -第10条测试用例通过 
2019-02-22 10:38:46,152 - python  - INFO - E:\Users\Administrator\PycharmProjects\python13_juanjuan_api_test\testcases\test_register.py -..........测试结束............ 
2019-02-22 10:38:46,300 - python  - INFO - E:\Users\Administrator\PycharmProjects\python13_juanjuan_api_test\testcases\test_register.py -..........开始测试............ 
2019-02-22 10:38:46,347 - python  - INFO - E:\Users\Administrator\PycharmProjects\python13_juanjuan_api_test\testcases\test_register.py -第11条测试用例通过 
2019-02-22 10:38:46,568 - python  - INFO - E:\Users\Administrator\PycharmProjects\python13_juanjuan_api_test\testcases\test_register.py -..........测试结束............ 
2019-02-22 10:41:39,629 - python  - INFO - E:\Users\Administrator\PycharmProjects\python13_juanjuan_api_test\testcases\test_register.py -..........开始测试............ 
2019-02-22 10:41:39,727 - python  - INFO - E:\Users\Administrator\PycharmProjects\python13_juanjuan_api_test\testcases\test_register.py -第1条测试用例通过 
2019-02-22 10:41:39,934 - python  - INFO - E:\Users\Administrator\PycharmProjects\python13_juanjuan_api_test\testcases\test_register.py -..........测试结束............ 
2019-02-22 10:41:40,088 - python  - INFO - E:\Users\Administrator\PycharmProjects\python13_juanjuan_api_test\testcases\test_register.py -..........开始测试............ 
2019-02-22 10:41:40,124 - python  - INFO - E:\Users\Administrator\PycharmProjects\python13_juanjuan_api_test\testcases\test_register.py -第2条测试用例通过 
2019-02-22 10:41:40,334 - python  - INFO - E:\Users\Administrator\PycharmProjects\python13_juanjuan_api_test\testcases\test_register.py -..........测试结束............ 
2019-02-22 10:41:40,493 - python  - INFO - E:\Users\Administrator\PycharmProjects\python13_juanjuan_api_test\testcases\test_register.py -..........开始测试............ 
2019-02-22 10:41:40,533 - python  - INFO - E:\Users\Administrator\PycharmProjects\python13_juanjuan_api_test\testcases\test_register.py -第3条测试用例通过 
2019-02-22 10:41:40,794 - python  - INFO - E:\Users\Administrator\PycharmProjects\python13_juanjuan_api_test\testcases\test_register.py -..........测试结束............ 
2019-02-22 10:41:40,954 - python  - INFO - E:\Users\Administrator\PycharmProjects\python13_juanjuan_api_test\testcases\test_register.py -..........开始测试............ 
2019-02-22 10:41:40,995 - python  - INFO - E:\Users\Administrator\PycharmProjects\python13_juanjuan_api_test\testcases\test_register.py -第4条测试用例通过 
2019-02-22 10:41:41,201 - python  - INFO - E:\Users\Administrator\PycharmProjects\python13_juanjuan_api_test\testcases\test_register.py -..........测试结束............ 
2019-02-22 10:41:41,357 - python  - INFO - E:\Users\Administrator\PycharmProjects\python13_juanjuan_api_test\testcases\test_register.py -..........开始测试............ 
2019-02-22 10:41:41,392 - python  - INFO - E:\Users\Administrator\PycharmProjects\python13_juanjuan_api_test\testcases\test_register.py -第5条测试用例通过 
2019-02-22 10:41:41,605 - python  - INFO - E:\Users\Administrator\PycharmProjects\python13_juanjuan_api_test\testcases\test_register.py -..........测试结束............ 
2019-02-22 10:41:41,762 - python  - INFO - E:\Users\Administrator\PycharmProjects\python13_juanjuan_api_test\testcases\test_register.py -..........开始测试............ 
2019-02-22 10:41:41,799 - python  - INFO - E:\Users\Administrator\PycharmProjects\python13_juanjuan_api_test\testcases\test_register.py -第6条测试用例通过 
2019-02-22 10:41:42,003 - python  - INFO - E:\Users\Administrator\PycharmProjects\python13_juanjuan_api_test\testcases\test_register.py -..........测试结束............ 
2019-02-22 10:41:42,154 - python  - INFO - E:\Users\Administrator\PycharmProjects\python13_juanjuan_api_test\testcases\test_register.py -..........开始测试............ 
2019-02-22 10:41:42,188 - python  - INFO - E:\Users\Administrator\PycharmProjects\python13_juanjuan_api_test\testcases\test_register.py -第7条测试用例通过 
2019-02-22 10:41:42,403 - python  - INFO - E:\Users\Administrator\PycharmProjects\python13_juanjuan_api_test\testcases\test_register.py -..........测试结束............ 
2019-02-22 10:41:42,544 - python  - INFO - E:\Users\Administrator\PycharmProjects\python13_juanjuan_api_test\testcases\test_register.py -..........开始测试............ 
2019-02-22 10:41:42,581 - python  - INFO - E:\Users\Administrator\PycharmProjects\python13_juanjuan_api_test\testcases\test_register.py -第8条测试用例通过 
2019-02-22 10:41:42,788 - python  - INFO - E:\Users\Administrator\PycharmProjects\python13_juanjuan_api_test\testcases\test_register.py -..........测试结束............ 
2019-02-22 10:41:42,991 - python  - INFO - E:\Users\Administrator\PycharmProjects\python13_juanjuan_api_test\testcases\test_register.py -..........开始测试............ 
2019-02-22 10:41:43,033 - python  - ERROR - E:\Users\Administrator\PycharmProjects\python13_juanjuan_api_test\testcases\test_register.py -第9条测试用例失败 
2019-02-22 10:41:43,243 - python  - INFO - E:\Users\Administrator\PycharmProjects\python13_juanjuan_api_test\testcases\test_register.py -..........测试结束............ 
2019-02-22 10:41:43,444 - python  - INFO - E:\Users\Administrator\PycharmProjects\python13_juanjuan_api_test\testcases\test_register.py -..........开始测试............ 
2019-02-22 10:41:43,491 - python  - INFO - E:\Users\Administrator\PycharmProjects\python13_juanjuan_api_test\testcases\test_register.py -第10条测试用例通过 
2019-02-22 10:41:43,701 - python  - INFO - E:\Users\Administrator\PycharmProjects\python13_juanjuan_api_test\testcases\test_register.py -..........测试结束............ 
2019-02-22 10:41:43,854 - python  - INFO - E:\Users\Administrator\PycharmProjects\python13_juanjuan_api_test\testcases\test_register.py -..........开始测试............ 
2019-02-22 10:41:43,898 - python  - INFO - E:\Users\Administrator\PycharmProjects\python13_juanjuan_api_test\testcases\test_register.py -第11条测试用例通过 
2019-02-22 10:41:44,131 - python  - INFO - E:\Users\Administrator\PycharmProjects\python13_juanjuan_api_test\testcases\test_register.py -..........测试结束............ 
2019-02-22 14:55:30,891 - python  - INFO - E:\Users\Administrator\PycharmProjects\python13_juanjuan_api_test\testcases\test_register.py -..........开始测试............ 
2019-02-22 14:55:31,008 - python  - INFO - E:\Users\Administrator\PycharmProjects\python13_juanjuan_api_test\testcases\test_register.py -第1条测试用例通过 
2019-02-22 14:55:31,228 - python  - INFO - E:\Users\Administrator\PycharmProjects\python13_juanjuan_api_test\testcases\test_register.py -..........测试结束............ 
2019-02-22 14:55:31,386 - python  - INFO - E:\Users\Administrator\PycharmProjects\python13_juanjuan_api_test\testcases\test_register.py -..........开始测试............ 
2019-02-22 14:55:31,420 - python  - INFO - E:\Users\Administrator\PycharmProjects\python13_juanjuan_api_test\testcases\test_register.py -第2条测试用例通过 
2019-02-22 14:55:31,639 - python  - INFO - E:\Users\Administrator\PycharmProjects\python13_juanjuan_api_test\testcases\test_register.py -..........测试结束............ 
2019-02-22 14:55:31,802 - python  - INFO - E:\Users\Administrator\PycharmProjects\python13_juanjuan_api_test\testcases\test_register.py -..........开始测试............ 
2019-02-22 14:55:31,837 - python  - INFO - E:\Users\Administrator\PycharmProjects\python13_juanjuan_api_test\testcases\test_register.py -第3条测试用例通过 
2019-02-22 14:55:32,088 - python  - INFO - E:\Users\Administrator\PycharmProjects\python13_juanjuan_api_test\testcases\test_register.py -..........测试结束............ 
2019-02-22 14:55:32,238 - python  - INFO - E:\Users\Administrator\PycharmProjects\python13_juanjuan_api_test\testcases\test_register.py -..........开始测试............ 
2019-02-22 14:55:32,272 - python  - INFO - E:\Users\Administrator\PycharmProjects\python13_juanjuan_api_test\testcases\test_register.py -第4条测试用例通过 
2019-02-22 14:55:32,519 - python  - INFO - E:\Users\Administrator\PycharmProjects\python13_juanjuan_api_test\testcases\test_register.py -..........测试结束............ 
2019-02-22 14:55:32,668 - python  - INFO - E:\Users\Administrator\PycharmProjects\python13_juanjuan_api_test\testcases\test_register.py -..........开始测试............ 
2019-02-22 14:55:32,707 - python  - INFO - E:\Users\Administrator\PycharmProjects\python13_juanjuan_api_test\testcases\test_register.py -第5条测试用例通过 
2019-02-22 14:55:32,952 - python  - INFO - E:\Users\Administrator\PycharmProjects\python13_juanjuan_api_test\testcases\test_register.py -..........测试结束............ 
2019-02-22 14:55:33,110 - python  - INFO - E:\Users\Administrator\PycharmProjects\python13_juanjuan_api_test\testcases\test_register.py -..........开始测试............ 
2019-02-22 14:55:33,150 - python  - INFO - E:\Users\Administrator\PycharmProjects\python13_juanjuan_api_test\testcases\test_register.py -第6条测试用例通过 
2019-02-22 14:55:33,395 - python  - INFO - E:\Users\Administrator\PycharmProjects\python13_juanjuan_api_test\testcases\test_register.py -..........测试结束............ 
2019-02-22 14:55:33,539 - python  - INFO - E:\Users\Administrator\PycharmProjects\python13_juanjuan_api_test\testcases\test_register.py -..........开始测试............ 
2019-02-22 14:55:33,576 - python  - INFO - E:\Users\Administrator\PycharmProjects\python13_juanjuan_api_test\testcases\test_register.py -第7条测试用例通过 
2019-02-22 14:55:33,837 - python  - INFO - E:\Users\Administrator\PycharmProjects\python13_juanjuan_api_test\testcases\test_register.py -..........测试结束............ 
2019-02-22 14:55:33,992 - python  - INFO - E:\Users\Administrator\PycharmProjects\python13_juanjuan_api_test\testcases\test_register.py -..........开始测试............ 
2019-02-22 14:55:34,027 - python  - INFO - E:\Users\Administrator\PycharmProjects\python13_juanjuan_api_test\testcases\test_register.py -第8条测试用例通过 
2019-02-22 14:55:34,273 - python  - INFO - E:\Users\Administrator\PycharmProjects\python13_juanjuan_api_test\testcases\test_register.py -..........测试结束............ 
2019-02-22 14:55:34,449 - python  - INFO - E:\Users\Administrator\PycharmProjects\python13_juanjuan_api_test\testcases\test_register.py -..........开始测试............ 
2019-02-22 14:55:34,498 - python  - ERROR - E:\Users\Administrator\PycharmProjects\python13_juanjuan_api_test\testcases\test_register.py -第9条测试用例失败 
2019-02-22 14:55:34,714 - python  - INFO - E:\Users\Administrator\PycharmProjects\python13_juanjuan_api_test\testcases\test_register.py -..........测试结束............ 
2019-02-22 14:55:34,876 - python  - INFO - E:\Users\Administrator\PycharmProjects\python13_juanjuan_api_test\testcases\test_register.py -..........开始测试............ 
2019-02-22 14:55:34,920 - python  - INFO - E:\Users\Administrator\PycharmProjects\python13_juanjuan_api_test\testcases\test_register.py -第10条测试用例通过 
2019-02-22 14:55:35,139 - python  - INFO - E:\Users\Administrator\PycharmProjects\python13_juanjuan_api_test\testcases\test_register.py -..........测试结束............ 
2019-02-22 14:55:35,294 - python  - INFO - E:\Users\Administrator\PycharmProjects\python13_juanjuan_api_test\testcases\test_register.py -..........开始测试............ 
2019-02-22 14:55:35,335 - python  - INFO - E:\Users\Administrator\PycharmProjects\python13_juanjuan_api_test\testcases\test_register.py -第11条测试用例通过 
2019-02-22 14:55:35,545 - python  - INFO - E:\Users\Administrator\PycharmProjects\python13_juanjuan_api_test\testcases\test_register.py -..........测试结束............ 
2019-02-22 14:56:20,125 - python  - INFO - E:\Users\Administrator\PycharmProjects\python13_juanjuan_api_test\testcases\test_register.py -..........开始测试............ 
2019-02-22 14:56:20,198 - python  - INFO - E:\Users\Administrator\PycharmProjects\python13_juanjuan_api_test\testcases\test_register.py -第1条测试用例通过 
2019-02-22 14:56:20,428 - python  - INFO - E:\Users\Administrator\PycharmProjects\python13_juanjuan_api_test\testcases\test_register.py -..........测试结束............ 
2019-02-22 14:56:20,583 - python  - INFO - E:\Users\Administrator\PycharmProjects\python13_juanjuan_api_test\testcases\test_register.py -..........开始测试............ 
2019-02-22 14:56:20,616 - python  - INFO - E:\Users\Administrator\PycharmProjects\python13_juanjuan_api_test\testcases\test_register.py -第2条测试用例通过 
2019-02-22 14:56:20,858 - python  - INFO - E:\Users\Administrator\PycharmProjects\python13_juanjuan_api_test\testcases\test_register.py -..........测试结束............ 
2019-02-22 14:56:20,998 - python  - INFO - E:\Users\Administrator\PycharmProjects\python13_juanjuan_api_test\testcases\test_register.py -..........开始测试............ 
2019-02-22 14:56:21,035 - python  - INFO - E:\Users\Administrator\PycharmProjects\python13_juanjuan_api_test\testcases\test_register.py -第3条测试用例通过 
2019-02-22 14:56:21,287 - python  - INFO - E:\Users\Administrator\PycharmProjects\python13_juanjuan_api_test\testcases\test_register.py -..........测试结束............ 
2019-02-22 14:56:21,449 - python  - INFO - E:\Users\Administrator\PycharmProjects\python13_juanjuan_api_test\testcases\test_register.py -..........开始测试............ 
2019-02-22 14:56:21,483 - python  - INFO - E:\Users\Administrator\PycharmProjects\python13_juanjuan_api_test\testcases\test_register.py -第4条测试用例通过 
2019-02-22 14:56:21,757 - python  - INFO - E:\Users\Administrator\PycharmProjects\python13_juanjuan_api_test\testcases\test_register.py -..........测试结束............ 
2019-02-22 14:56:21,914 - python  - INFO - E:\Users\Administrator\PycharmProjects\python13_juanjuan_api_test\testcases\test_register.py -..........开始测试............ 
2019-02-22 14:56:21,947 - python  - INFO - E:\Users\Administrator\PycharmProjects\python13_juanjuan_api_test\testcases\test_register.py -第5条测试用例通过 
2019-02-22 14:56:22,201 - python  - INFO - E:\Users\Administrator\PycharmProjects\python13_juanjuan_api_test\testcases\test_register.py -..........测试结束............ 
2019-02-22 14:56:22,359 - python  - INFO - E:\Users\Administrator\PycharmProjects\python13_juanjuan_api_test\testcases\test_register.py -..........开始测试............ 
2019-02-22 14:56:22,395 - python  - INFO - E:\Users\Administrator\PycharmProjects\python13_juanjuan_api_test\testcases\test_register.py -第6条测试用例通过 
2019-02-22 14:56:22,621 - python  - INFO - E:\Users\Administrator\PycharmProjects\python13_juanjuan_api_test\testcases\test_register.py -..........测试结束............ 
2019-02-22 14:56:22,771 - python  - INFO - E:\Users\Administrator\PycharmProjects\python13_juanjuan_api_test\testcases\test_register.py -..........开始测试............ 
2019-02-22 14:56:22,806 - python  - INFO - E:\Users\Administrator\PycharmProjects\python13_juanjuan_api_test\testcases\test_register.py -第7条测试用例通过 
2019-02-22 14:56:23,055 - python  - INFO - E:\Users\Administrator\PycharmProjects\python13_juanjuan_api_test\testcases\test_register.py -..........测试结束............ 
2019-02-22 14:56:23,203 - python  - INFO - E:\Users\Administrator\PycharmProjects\python13_juanjuan_api_test\testcases\test_register.py -..........开始测试............ 
2019-02-22 14:56:23,236 - python  - INFO - E:\Users\Administrator\PycharmProjects\python13_juanjuan_api_test\testcases\test_register.py -第8条测试用例通过 
2019-02-22 14:56:23,460 - python  - INFO - E:\Users\Administrator\PycharmProjects\python13_juanjuan_api_test\testcases\test_register.py -..........测试结束............ 
2019-02-22 14:56:23,614 - python  - INFO - E:\Users\Administrator\PycharmProjects\python13_juanjuan_api_test\testcases\test_register.py -..........开始测试............ 
2019-02-22 14:56:23,658 - python  - ERROR - E:\Users\Administrator\PycharmProjects\python13_juanjuan_api_test\testcases\test_register.py -第9条测试用例失败 
2019-02-22 14:56:23,887 - python  - INFO - E:\Users\Administrator\PycharmProjects\python13_juanjuan_api_test\testcases\test_register.py -..........测试结束............ 
2019-02-22 14:56:24,044 - python  - INFO - E:\Users\Administrator\PycharmProjects\python13_juanjuan_api_test\testcases\test_register.py -..........开始测试............ 
2019-02-22 14:56:24,086 - python  - INFO - E:\Users\Administrator\PycharmProjects\python13_juanjuan_api_test\testcases\test_register.py -第10条测试用例通过 
2019-02-22 14:56:24,310 - python  - INFO - E:\Users\Administrator\PycharmProjects\python13_juanjuan_api_test\testcases\test_register.py -..........测试结束............ 
2019-02-22 14:56:24,459 - python  - INFO - E:\Users\Administrator\PycharmProjects\python13_juanjuan_api_test\testcases\test_register.py -..........开始测试............ 
2019-02-22 14:56:24,504 - python  - INFO - E:\Users\Administrator\PycharmProjects\python13_juanjuan_api_test\testcases\test_register.py -第11条测试用例通过 
2019-02-22 14:56:24,737 - python  - INFO - E:\Users\Administrator\PycharmProjects\python13_juanjuan_api_test\testcases\test_register.py -..........测试结束............ 
2019-02-22 15:04:33,321 - python  - INFO - E:\Users\Administrator\PycharmProjects\python13_juanjuan_api_test\testcases\test_register.py -..........开始测试............ 
2019-02-22 15:04:33,400 - python  - INFO - E:\Users\Administrator\PycharmProjects\python13_juanjuan_api_test\testcases\test_register.py -第1条测试用例通过 
2019-02-22 15:04:33,621 - python  - INFO - E:\Users\Administrator\PycharmProjects\python13_juanjuan_api_test\testcases\test_register.py -..........测试结束............ 
2019-02-22 15:04:33,769 - python  - INFO - E:\Users\Administrator\PycharmProjects\python13_juanjuan_api_test\testcases\test_register.py -..........开始测试............ 
2019-02-22 15:04:33,800 - python  - INFO - E:\Users\Administrator\PycharmProjects\python13_juanjuan_api_test\testcases\test_register.py -第2条测试用例通过 
2019-02-22 15:04:34,018 - python  - INFO - E:\Users\Administrator\PycharmProjects\python13_juanjuan_api_test\testcases\test_register.py -..........测试结束............ 
2019-02-22 15:04:34,161 - python  - INFO - E:\Users\Administrator\PycharmProjects\python13_juanjuan_api_test\testcases\test_register.py -..........开始测试............ 
2019-02-22 15:04:34,192 - python  - INFO - E:\Users\Administrator\PycharmProjects\python13_juanjuan_api_test\testcases\test_register.py -第3条测试用例通过 
2019-02-22 15:04:34,413 - python  - INFO - E:\Users\Administrator\PycharmProjects\python13_juanjuan_api_test\testcases\test_register.py -..........测试结束............ 
2019-02-22 15:04:34,562 - python  - INFO - E:\Users\Administrator\PycharmProjects\python13_juanjuan_api_test\testcases\test_register.py -..........开始测试............ 
2019-02-22 15:04:34,595 - python  - INFO - E:\Users\Administrator\PycharmProjects\python13_juanjuan_api_test\testcases\test_register.py -第4条测试用例通过 
2019-02-22 15:04:34,809 - python  - INFO - E:\Users\Administrator\PycharmProjects\python13_juanjuan_api_test\testcases\test_register.py -..........测试结束............ 
2019-02-22 15:04:34,955 - python  - INFO - E:\Users\Administrator\PycharmProjects\python13_juanjuan_api_test\testcases\test_register.py -..........开始测试............ 
2019-02-22 15:04:34,987 - python  - INFO - E:\Users\Administrator\PycharmProjects\python13_juanjuan_api_test\testcases\test_register.py -第5条测试用例通过 
2019-02-22 15:04:35,205 - python  - INFO - E:\Users\Administrator\PycharmProjects\python13_juanjuan_api_test\testcases\test_register.py -..........测试结束............ 
2019-02-22 15:04:35,357 - python  - INFO - E:\Users\Administrator\PycharmProjects\python13_juanjuan_api_test\testcases\test_register.py -..........开始测试............ 
2019-02-22 15:04:35,395 - python  - INFO - E:\Users\Administrator\PycharmProjects\python13_juanjuan_api_test\testcases\test_register.py -第6条测试用例通过 
2019-02-22 15:04:35,618 - python  - INFO - E:\Users\Administrator\PycharmProjects\python13_juanjuan_api_test\testcases\test_register.py -..........测试结束............ 
2019-02-22 15:04:35,771 - python  - INFO - E:\Users\Administrator\PycharmProjects\python13_juanjuan_api_test\testcases\test_register.py -..........开始测试............ 
2019-02-22 15:04:35,805 - python  - INFO - E:\Users\Administrator\PycharmProjects\python13_juanjuan_api_test\testcases\test_register.py -第7条测试用例通过 
2019-02-22 15:04:36,060 - python  - INFO - E:\Users\Administrator\PycharmProjects\python13_juanjuan_api_test\testcases\test_register.py -..........测试结束............ 
2019-02-22 15:04:36,214 - python  - INFO - E:\Users\Administrator\PycharmProjects\python13_juanjuan_api_test\testcases\test_register.py -..........开始测试............ 
2019-02-22 15:04:36,246 - python  - INFO - E:\Users\Administrator\PycharmProjects\python13_juanjuan_api_test\testcases\test_register.py -第8条测试用例通过 
2019-02-22 15:04:36,478 - python  - INFO - E:\Users\Administrator\PycharmProjects\python13_juanjuan_api_test\testcases\test_register.py -..........测试结束............ 
2019-02-22 15:04:36,633 - python  - INFO - E:\Users\Administrator\PycharmProjects\python13_juanjuan_api_test\testcases\test_register.py -..........开始测试............ 
2019-02-22 15:04:36,674 - python  - ERROR - E:\Users\Administrator\PycharmProjects\python13_juanjuan_api_test\testcases\test_register.py -第9条测试用例失败 
2019-02-22 15:04:36,899 - python  - INFO - E:\Users\Administrator\PycharmProjects\python13_juanjuan_api_test\testcases\test_register.py -..........测试结束............ 
2019-02-22 15:04:37,053 - python  - INFO - E:\Users\Administrator\PycharmProjects\python13_juanjuan_api_test\testcases\test_register.py -..........开始测试............ 
2019-02-22 15:04:37,094 - python  - INFO - E:\Users\Administrator\PycharmProjects\python13_juanjuan_api_test\testcases\test_register.py -第10条测试用例通过 
2019-02-22 15:04:37,313 - python  - INFO - E:\Users\Administrator\PycharmProjects\python13_juanjuan_api_test\testcases\test_register.py -..........测试结束............ 
2019-02-22 15:04:37,460 - python  - INFO - E:\Users\Administrator\PycharmProjects\python13_juanjuan_api_test\testcases\test_register.py -..........开始测试............ 
2019-02-22 15:04:37,499 - python  - INFO - E:\Users\Administrator\PycharmProjects\python13_juanjuan_api_test\testcases\test_register.py -第11条测试用例通过 
2019-02-22 15:04:37,719 - python  - INFO - E:\Users\Administrator\PycharmProjects\python13_juanjuan_api_test\testcases\test_register.py -..........测试结束............ 
2019-02-22 15:05:25,050 - python  - INFO - E:\Users\Administrator\PycharmProjects\python13_juanjuan_api_test\testcases\test_register.py -..........开始测试............ 
2019-02-22 15:05:25,116 - python  - INFO - E:\Users\Administrator\PycharmProjects\python13_juanjuan_api_test\testcases\test_register.py -第1条测试用例通过 
2019-02-22 15:05:25,329 - python  - INFO - E:\Users\Administrator\PycharmProjects\python13_juanjuan_api_test\testcases\test_register.py -..........测试结束............ 
2019-02-22 15:05:25,475 - python  - INFO - E:\Users\Administrator\PycharmProjects\python13_juanjuan_api_test\testcases\test_register.py -..........开始测试............ 
2019-02-22 15:05:25,505 - python  - INFO - E:\Users\Administrator\PycharmProjects\python13_juanjuan_api_test\testcases\test_register.py -第2条测试用例通过 
2019-02-22 15:05:25,726 - python  - INFO - E:\Users\Administrator\PycharmProjects\python13_juanjuan_api_test\testcases\test_register.py -..........测试结束............ 
2019-02-22 15:05:25,870 - python  - INFO - E:\Users\Administrator\PycharmProjects\python13_juanjuan_api_test\testcases\test_register.py -..........开始测试............ 
2019-02-22 15:05:25,902 - python  - INFO - E:\Users\Administrator\PycharmProjects\python13_juanjuan_api_test\testcases\test_register.py -第3条测试用例通过 
2019-02-22 15:05:26,175 - python  - INFO - E:\Users\Administrator\PycharmProjects\python13_juanjuan_api_test\testcases\test_register.py -..........测试结束............ 
2019-02-22 15:05:26,322 - python  - INFO - E:\Users\Administrator\PycharmProjects\python13_juanjuan_api_test\testcases\test_register.py -..........开始测试............ 
2019-02-22 15:05:26,354 - python  - INFO - E:\Users\Administrator\PycharmProjects\python13_juanjuan_api_test\testcases\test_register.py -第4条测试用例通过 
2019-02-22 15:05:26,584 - python  - INFO - E:\Users\Administrator\PycharmProjects\python13_juanjuan_api_test\testcases\test_register.py -..........测试结束............ 
2019-02-22 15:05:26,746 - python  - INFO - E:\Users\Administrator\PycharmProjects\python13_juanjuan_api_test\testcases\test_register.py -..........开始测试............ 
2019-02-22 15:05:26,777 - python  - INFO - E:\Users\Administrator\PycharmProjects\python13_juanjuan_api_test\testcases\test_register.py -第5条测试用例通过 
2019-02-22 15:05:27,007 - python  - INFO - E:\Users\Administrator\PycharmProjects\python13_juanjuan_api_test\testcases\test_register.py -..........测试结束............ 
2019-02-22 15:05:27,165 - python  - INFO - E:\Users\Administrator\PycharmProjects\python13_juanjuan_api_test\testcases\test_register.py -..........开始测试............ 
2019-02-22 15:05:27,198 - python  - INFO - E:\Users\Administrator\PycharmProjects\python13_juanjuan_api_test\testcases\test_register.py -第6条测试用例通过 
2019-02-22 15:05:27,424 - python  - INFO - E:\Users\Administrator\PycharmProjects\python13_juanjuan_api_test\testcases\test_register.py -..........测试结束............ 
2019-02-22 15:05:27,573 - python  - INFO - E:\Users\Administrator\PycharmProjects\python13_juanjuan_api_test\testcases\test_register.py -..........开始测试............ 
2019-02-22 15:05:27,603 - python  - INFO - E:\Users\Administrator\PycharmProjects\python13_juanjuan_api_test\testcases\test_register.py -第7条测试用例通过 
2019-02-22 15:05:27,827 - python  - INFO - E:\Users\Administrator\PycharmProjects\python13_juanjuan_api_test\testcases\test_register.py -..........测试结束............ 
2019-02-22 15:05:27,983 - python  - INFO - E:\Users\Administrator\PycharmProjects\python13_juanjuan_api_test\testcases\test_register.py -..........开始测试............ 
2019-02-22 15:05:28,013 - python  - INFO - E:\Users\Administrator\PycharmProjects\python13_juanjuan_api_test\testcases\test_register.py -第8条测试用例通过 
2019-02-22 15:05:28,225 - python  - INFO - E:\Users\Administrator\PycharmProjects\python13_juanjuan_api_test\testcases\test_register.py -..........测试结束............ 
2019-02-22 15:05:28,378 - python  - INFO - E:\Users\Administrator\PycharmProjects\python13_juanjuan_api_test\testcases\test_register.py -..........开始测试............ 
2019-02-22 15:05:28,418 - python  - ERROR - E:\Users\Administrator\PycharmProjects\python13_juanjuan_api_test\testcases\test_register.py -第9条测试用例失败 
2019-02-22 15:05:28,639 - python  - INFO - E:\Users\Administrator\PycharmProjects\python13_juanjuan_api_test\testcases\test_register.py -..........测试结束............ 
2019-02-22 15:05:28,769 - python  - INFO - E:\Users\Administrator\PycharmProjects\python13_juanjuan_api_test\testcases\test_register.py -..........开始测试............ 
2019-02-22 15:05:28,809 - python  - INFO - E:\Users\Administrator\PycharmProjects\python13_juanjuan_api_test\testcases\test_register.py -第10条测试用例通过 
2019-02-22 15:05:29,032 - python  - INFO - E:\Users\Administrator\PycharmProjects\python13_juanjuan_api_test\testcases\test_register.py -..........测试结束............ 
2019-02-22 15:05:29,182 - python  - INFO - E:\Users\Administrator\PycharmProjects\python13_juanjuan_api_test\testcases\test_register.py -..........开始测试............ 
2019-02-22 15:05:29,220 - python  - INFO - E:\Users\Administrator\PycharmProjects\python13_juanjuan_api_test\testcases\test_register.py -第11条测试用例通过 
2019-02-22 15:05:29,434 - python  - INFO - E:\Users\Administrator\PycharmProjects\python13_juanjuan_api_test\testcases\test_register.py -..........测试结束............ 
2019-02-22 15:45:10,547 - python  - INFO - E:\Users\Administrator\PycharmProjects\python13_juanjuan_api_test\testcases\test_register.py -..........开始测试............ 
2019-02-22 15:45:10,646 - python  - INFO - E:\Users\Administrator\PycharmProjects\python13_juanjuan_api_test\testcases\test_register.py -第1条测试用例通过 
2019-02-22 15:45:10,880 - python  - INFO - E:\Users\Administrator\PycharmProjects\python13_juanjuan_api_test\testcases\test_register.py -..........测试结束............ 
2019-02-22 15:45:11,023 - python  - INFO - E:\Users\Administrator\PycharmProjects\python13_juanjuan_api_test\testcases\test_register.py -..........开始测试............ 
2019-02-22 15:45:11,055 - python  - INFO - E:\Users\Administrator\PycharmProjects\python13_juanjuan_api_test\testcases\test_register.py -第2条测试用例通过 
2019-02-22 15:45:11,310 - python  - INFO - E:\Users\Administrator\PycharmProjects\python13_juanjuan_api_test\testcases\test_register.py -..........测试结束............ 
2019-02-22 15:45:11,451 - python  - INFO - E:\Users\Administrator\PycharmProjects\python13_juanjuan_api_test\testcases\test_register.py -..........开始测试............ 
2019-02-22 15:45:11,485 - python  - INFO - E:\Users\Administrator\PycharmProjects\python13_juanjuan_api_test\testcases\test_register.py -第3条测试用例通过 
2019-02-22 15:45:11,714 - python  - INFO - E:\Users\Administrator\PycharmProjects\python13_juanjuan_api_test\testcases\test_register.py -..........测试结束............ 
2019-02-22 15:45:11,864 - python  - INFO - E:\Users\Administrator\PycharmProjects\python13_juanjuan_api_test\testcases\test_register.py -..........开始测试............ 
2019-02-22 15:45:11,897 - python  - INFO - E:\Users\Administrator\PycharmProjects\python13_juanjuan_api_test\testcases\test_register.py -第4条测试用例通过 
2019-02-22 15:45:12,135 - python  - INFO - E:\Users\Administrator\PycharmProjects\python13_juanjuan_api_test\testcases\test_register.py -..........测试结束............ 
2019-02-22 15:45:12,277 - python  - INFO - E:\Users\Administrator\PycharmProjects\python13_juanjuan_api_test\testcases\test_register.py -..........开始测试............ 
2019-02-22 15:45:12,311 - python  - INFO - E:\Users\Administrator\PycharmProjects\python13_juanjuan_api_test\testcases\test_register.py -第5条测试用例通过 
2019-02-22 15:45:12,540 - python  - INFO - E:\Users\Administrator\PycharmProjects\python13_juanjuan_api_test\testcases\test_register.py -..........测试结束............ 
2019-02-22 15:45:12,696 - python  - INFO - E:\Users\Administrator\PycharmProjects\python13_juanjuan_api_test\testcases\test_register.py -..........开始测试............ 
2019-02-22 15:45:12,731 - python  - INFO - E:\Users\Administrator\PycharmProjects\python13_juanjuan_api_test\testcases\test_register.py -第6条测试用例通过 
2019-02-22 15:45:12,965 - python  - INFO - E:\Users\Administrator\PycharmProjects\python13_juanjuan_api_test\testcases\test_register.py -..........测试结束............ 
2019-02-22 15:45:13,123 - python  - INFO - E:\Users\Administrator\PycharmProjects\python13_juanjuan_api_test\testcases\test_register.py -..........开始测试............ 
2019-02-22 15:45:13,156 - python  - INFO - E:\Users\Administrator\PycharmProjects\python13_juanjuan_api_test\testcases\test_register.py -第7条测试用例通过 
2019-02-22 15:45:13,415 - python  - INFO - E:\Users\Administrator\PycharmProjects\python13_juanjuan_api_test\testcases\test_register.py -..........测试结束............ 
2019-02-22 15:45:13,573 - python  - INFO - E:\Users\Administrator\PycharmProjects\python13_juanjuan_api_test\testcases\test_register.py -..........开始测试............ 
2019-02-22 15:45:13,605 - python  - INFO - E:\Users\Administrator\PycharmProjects\python13_juanjuan_api_test\testcases\test_register.py -第8条测试用例通过 
2019-02-22 15:45:13,841 - python  - INFO - E:\Users\Administrator\PycharmProjects\python13_juanjuan_api_test\testcases\test_register.py -..........测试结束............ 
2019-02-22 15:45:13,999 - python  - INFO - E:\Users\Administrator\PycharmProjects\python13_juanjuan_api_test\testcases\test_register.py -..........开始测试............ 
2019-02-22 15:45:14,042 - python  - ERROR - E:\Users\Administrator\PycharmProjects\python13_juanjuan_api_test\testcases\test_register.py -第9条测试用例失败 
2019-02-22 15:45:14,296 - python  - INFO - E:\Users\Administrator\PycharmProjects\python13_juanjuan_api_test\testcases\test_register.py -..........测试结束............ 
2019-02-22 15:45:14,455 - python  - INFO - E:\Users\Administrator\PycharmProjects\python13_juanjuan_api_test\testcases\test_register.py -..........开始测试............ 
2019-02-22 15:45:14,497 - python  - INFO - E:\Users\Administrator\PycharmProjects\python13_juanjuan_api_test\testcases\test_register.py -第10条测试用例通过 
2019-02-22 15:45:14,728 - python  - INFO - E:\Users\Administrator\PycharmProjects\python13_juanjuan_api_test\testcases\test_register.py -..........测试结束............ 
2019-02-22 15:45:14,870 - python  - INFO - E:\Users\Administrator\PycharmProjects\python13_juanjuan_api_test\testcases\test_register.py -..........开始测试............ 
2019-02-22 15:45:14,921 - python  - INFO - E:\Users\Administrator\PycharmProjects\python13_juanjuan_api_test\testcases\test_register.py -第11条测试用例通过 
2019-02-22 15:45:15,143 - python  - INFO - E:\Users\Administrator\PycharmProjects\python13_juanjuan_api_test\testcases\test_register.py -..........测试结束............ 
2019-02-22 16:00:04,000 - python  - INFO - E:\Users\Administrator\PycharmProjects\python13_juanjuan_api_test\testcases\test_register.py -..........开始测试............ 
2019-02-22 16:00:04,100 - python  - INFO - E:\Users\Administrator\PycharmProjects\python13_juanjuan_api_test\testcases\test_register.py -第1条测试用例通过 
2019-02-22 16:00:04,428 - python  - INFO - E:\Users\Administrator\PycharmProjects\python13_juanjuan_api_test\testcases\test_register.py -..........测试结束............ 
2019-02-22 16:00:04,585 - python  - INFO - E:\Users\Administrator\PycharmProjects\python13_juanjuan_api_test\testcases\test_register.py -..........开始测试............ 
2019-02-22 16:00:04,616 - python  - INFO - E:\Users\Administrator\PycharmProjects\python13_juanjuan_api_test\testcases\test_register.py -第2条测试用例通过 
2019-02-22 16:00:04,924 - python  - INFO - E:\Users\Administrator\PycharmProjects\python13_juanjuan_api_test\testcases\test_register.py -..........测试结束............ 
2019-02-22 16:00:05,095 - python  - INFO - E:\Users\Administrator\PycharmProjects\python13_juanjuan_api_test\testcases\test_register.py -..........开始测试............ 
2019-02-22 16:00:05,127 - python  - INFO - E:\Users\Administrator\PycharmProjects\python13_juanjuan_api_test\testcases\test_register.py -第3条测试用例通过 
2019-02-22 16:00:05,407 - python  - INFO - E:\Users\Administrator\PycharmProjects\python13_juanjuan_api_test\testcases\test_register.py -..........测试结束............ 
2019-02-22 16:00:05,561 - python  - INFO - E:\Users\Administrator\PycharmProjects\python13_juanjuan_api_test\testcases\test_register.py -..........开始测试............ 
2019-02-22 16:00:05,597 - python  - INFO - E:\Users\Administrator\PycharmProjects\python13_juanjuan_api_test\testcases\test_register.py -第4条测试用例通过 
2019-02-22 16:00:05,823 - python  - INFO - E:\Users\Administrator\PycharmProjects\python13_juanjuan_api_test\testcases\test_register.py -..........测试结束............ 
2019-02-22 16:00:06,028 - python  - INFO - E:\Users\Administrator\PycharmProjects\python13_juanjuan_api_test\testcases\test_register.py -..........开始测试............ 
2019-02-22 16:00:06,061 - python  - INFO - E:\Users\Administrator\PycharmProjects\python13_juanjuan_api_test\testcases\test_register.py -第5条测试用例通过 
2019-02-22 16:00:06,308 - python  - INFO - E:\Users\Administrator\PycharmProjects\python13_juanjuan_api_test\testcases\test_register.py -..........测试结束............ 
2019-02-22 16:00:06,478 - python  - INFO - E:\Users\Administrator\PycharmProjects\python13_juanjuan_api_test\testcases\test_register.py -..........开始测试............ 
2019-02-22 16:00:06,512 - python  - INFO - E:\Users\Administrator\PycharmProjects\python13_juanjuan_api_test\testcases\test_register.py -第6条测试用例通过 
2019-02-22 16:00:06,743 - python  - INFO - E:\Users\Administrator\PycharmProjects\python13_juanjuan_api_test\testcases\test_register.py -..........测试结束............ 
2019-02-22 16:00:06,924 - python  - INFO - E:\Users\Administrator\PycharmProjects\python13_juanjuan_api_test\testcases\test_register.py -..........开始测试............ 
2019-02-22 16:00:06,956 - python  - INFO - E:\Users\Administrator\PycharmProjects\python13_juanjuan_api_test\testcases\test_register.py -第7条测试用例通过 
2019-02-22 16:00:07,186 - python  - INFO - E:\Users\Administrator\PycharmProjects\python13_juanjuan_api_test\testcases\test_register.py -..........测试结束............ 
2019-02-22 16:00:07,381 - python  - INFO - E:\Users\Administrator\PycharmProjects\python13_juanjuan_api_test\testcases\test_register.py -..........开始测试............ 
2019-02-22 16:00:07,412 - python  - INFO - E:\Users\Administrator\PycharmProjects\python13_juanjuan_api_test\testcases\test_register.py -第8条测试用例通过 
2019-02-22 16:00:07,630 - python  - INFO - E:\Users\Administrator\PycharmProjects\python13_juanjuan_api_test\testcases\test_register.py -..........测试结束............ 
2019-02-22 16:00:07,779 - python  - INFO - E:\Users\Administrator\PycharmProjects\python13_juanjuan_api_test\testcases\test_register.py -..........开始测试............ 
2019-02-22 16:00:07,818 - python  - ERROR - E:\Users\Administrator\PycharmProjects\python13_juanjuan_api_test\testcases\test_register.py -第9条测试用例失败 
2019-02-22 16:00:08,036 - python  - INFO - E:\Users\Administrator\PycharmProjects\python13_juanjuan_api_test\testcases\test_register.py -..........测试结束............ 
2019-02-22 16:00:08,178 - python  - INFO - E:\Users\Administrator\PycharmProjects\python13_juanjuan_api_test\testcases\test_register.py -..........开始测试............ 
2019-02-22 16:00:08,219 - python  - INFO - E:\Users\Administrator\PycharmProjects\python13_juanjuan_api_test\testcases\test_register.py -第10条测试用例通过 
2019-02-22 16:00:08,479 - python  - INFO - E:\Users\Administrator\PycharmProjects\python13_juanjuan_api_test\testcases\test_register.py -..........测试结束............ 
2019-02-22 16:00:08,624 - python  - INFO - E:\Users\Administrator\PycharmProjects\python13_juanjuan_api_test\testcases\test_register.py -..........开始测试............ 
2019-02-22 16:00:08,663 - python  - INFO - E:\Users\Administrator\PycharmProjects\python13_juanjuan_api_test\testcases\test_register.py -第11条测试用例通过 
2019-02-22 16:00:08,898 - python  - INFO - E:\Users\Administrator\PycharmProjects\python13_juanjuan_api_test\testcases\test_register.py -..........测试结束............ 
2019-02-22 16:07:49,739 - python  - INFO - E:\Users\Administrator\PycharmProjects\python13_juanjuan_api_test\testcases\test_register.py -..........开始测试............ 
2019-02-22 16:07:49,818 - python  - INFO - E:\Users\Administrator\PycharmProjects\python13_juanjuan_api_test\testcases\test_register.py -第1条测试用例通过 
2019-02-22 16:07:50,042 - python  - INFO - E:\Users\Administrator\PycharmProjects\python13_juanjuan_api_test\testcases\test_register.py -..........测试结束............ 
2019-02-22 16:07:50,196 - python  - INFO - E:\Users\Administrator\PycharmProjects\python13_juanjuan_api_test\testcases\test_register.py -..........开始测试............ 
2019-02-22 16:07:50,231 - python  - INFO - E:\Users\Administrator\PycharmProjects\python13_juanjuan_api_test\testcases\test_register.py -第2条测试用例通过 
2019-02-22 16:07:50,456 - python  - INFO - E:\Users\Administrator\PycharmProjects\python13_juanjuan_api_test\testcases\test_register.py -..........测试结束............ 
2019-02-22 16:07:50,613 - python  - INFO - E:\Users\Administrator\PycharmProjects\python13_juanjuan_api_test\testcases\test_register.py -..........开始测试............ 
2019-02-22 16:07:50,649 - python  - INFO - E:\Users\Administrator\PycharmProjects\python13_juanjuan_api_test\testcases\test_register.py -第3条测试用例通过 
2019-02-22 16:07:50,998 - python  - INFO - E:\Users\Administrator\PycharmProjects\python13_juanjuan_api_test\testcases\test_register.py -..........测试结束............ 
2019-02-22 16:07:51,142 - python  - INFO - E:\Users\Administrator\PycharmProjects\python13_juanjuan_api_test\testcases\test_register.py -..........开始测试............ 
2019-02-22 16:07:51,182 - python  - INFO - E:\Users\Administrator\PycharmProjects\python13_juanjuan_api_test\testcases\test_register.py -第4条测试用例通过 
2019-02-22 16:07:51,418 - python  - INFO - E:\Users\Administrator\PycharmProjects\python13_juanjuan_api_test\testcases\test_register.py -..........测试结束............ 
2019-02-22 16:07:51,568 - python  - INFO - E:\Users\Administrator\PycharmProjects\python13_juanjuan_api_test\testcases\test_register.py -..........开始测试............ 
2019-02-22 16:07:51,604 - python  - INFO - E:\Users\Administrator\PycharmProjects\python13_juanjuan_api_test\testcases\test_register.py -第5条测试用例通过 
2019-02-22 16:07:51,829 - python  - INFO - E:\Users\Administrator\PycharmProjects\python13_juanjuan_api_test\testcases\test_register.py -..........测试结束............ 
2019-02-22 16:07:51,977 - python  - INFO - E:\Users\Administrator\PycharmProjects\python13_juanjuan_api_test\testcases\test_register.py -..........开始测试............ 
2019-02-22 16:07:52,016 - python  - INFO - E:\Users\Administrator\PycharmProjects\python13_juanjuan_api_test\testcases\test_register.py -第6条测试用例通过 
2019-02-22 16:07:52,242 - python  - INFO - E:\Users\Administrator\PycharmProjects\python13_juanjuan_api_test\testcases\test_register.py -..........测试结束............ 
2019-02-22 16:07:52,384 - python  - INFO - E:\Users\Administrator\PycharmProjects\python13_juanjuan_api_test\testcases\test_register.py -..........开始测试............ 
2019-02-22 16:07:52,421 - python  - INFO - E:\Users\Administrator\PycharmProjects\python13_juanjuan_api_test\testcases\test_register.py -第7条测试用例通过 
2019-02-22 16:07:52,644 - python  - INFO - E:\Users\Administrator\PycharmProjects\python13_juanjuan_api_test\testcases\test_register.py -..........测试结束............ 
2019-02-22 16:07:52,801 - python  - INFO - E:\Users\Administrator\PycharmProjects\python13_juanjuan_api_test\testcases\test_register.py -..........开始测试............ 
2019-02-22 16:07:52,837 - python  - INFO - E:\Users\Administrator\PycharmProjects\python13_juanjuan_api_test\testcases\test_register.py -第8条测试用例通过 
2019-02-22 16:07:53,063 - python  - INFO - E:\Users\Administrator\PycharmProjects\python13_juanjuan_api_test\testcases\test_register.py -..........测试结束............ 
2019-02-22 16:07:53,200 - python  - INFO - E:\Users\Administrator\PycharmProjects\python13_juanjuan_api_test\testcases\test_register.py -..........开始测试............ 
2019-02-22 16:07:53,245 - python  - ERROR - E:\Users\Administrator\PycharmProjects\python13_juanjuan_api_test\testcases\test_register.py -第9条测试用例失败 
2019-02-22 16:07:53,472 - python  - INFO - E:\Users\Administrator\PycharmProjects\python13_juanjuan_api_test\testcases\test_register.py -..........测试结束............ 
2019-02-22 16:07:53,608 - python  - INFO - E:\Users\Administrator\PycharmProjects\python13_juanjuan_api_test\testcases\test_register.py -..........开始测试............ 
2019-02-22 16:07:53,652 - python  - INFO - E:\Users\Administrator\PycharmProjects\python13_juanjuan_api_test\testcases\test_register.py -第10条测试用例通过 
2019-02-22 16:07:53,868 - python  - INFO - E:\Users\Administrator\PycharmProjects\python13_juanjuan_api_test\testcases\test_register.py -..........测试结束............ 
2019-02-22 16:07:54,016 - python  - INFO - E:\Users\Administrator\PycharmProjects\python13_juanjuan_api_test\testcases\test_register.py -..........开始测试............ 
2019-02-22 16:07:54,064 - python  - INFO - E:\Users\Administrator\PycharmProjects\python13_juanjuan_api_test\testcases\test_register.py -第11条测试用例通过 
2019-02-22 16:07:54,293 - python  - INFO - E:\Users\Administrator\PycharmProjects\python13_juanjuan_api_test\testcases\test_register.py -..........测试结束............ 
